Using pre-set license
Built from '2020.3/staging' branch; Version is '2020.3.3f1 (76626098c1c4) revision 7758432'; Using compiler version '192528614'; Build Type 'Release'
OS: 'Windows 10 Enterprise; OS build 18363.1916; Version 1909; 64bit' Language: 'es' Physical Memory: 7100 MB
BatchMode: 1, IsHumanControllingUs: 0, StartBugReporterOnCrash: 0, Is64bit: 1, IsPro: 0

 COMMAND LINE ARGUMENTS:
C:\Users\Equipo\Desktop\2020.3.3f1\Editor\Unity.exe
-adb2
-batchMode
-noUpm
-name
AssetImportWorker2
-projectPath
C:/Users/Equipo/Documents/GitHub/TP_MOTORES-R-R-S/Trabajo Practico Motores
-logFile
Logs/AssetImportWorker2.log
-srvPort
58190
Successfully changed project path to: C:/Users/Equipo/Documents/GitHub/TP_MOTORES-R-R-S/Trabajo Practico Motores
C:/Users/Equipo/Documents/GitHub/TP_MOTORES-R-R-S/Trabajo Practico Motores
Using Asset Import Pipeline V2.
Refreshing native plugins compatible for Editor in 59.25 ms, found 0 plugins.
Preloading 0 native plugins for Editor in 0.00 ms.
Initialize engine version: 2020.3.3f1 (76626098c1c4)
[Subsystems] Discovering subsystems at path C:/Users/Equipo/Desktop/2020.3.3f1/Editor/Data/Resources/UnitySubsystems
[Subsystems] Discovering subsystems at path C:/Users/Equipo/Documents/GitHub/TP_MOTORES-R-R-S/Trabajo Practico Motores/Assets
GfxDevice: creating device client; threaded=0
Direct3D:
    Version:  Direct3D 11.0 [level 11.1]
    Renderer: AMD Radeon(TM) RX Vega 11 Graphics (ID=0x15dd)
    Vendor:   
    VRAM:     3550 MB
    Driver:   27.20.22025.1006
Initialize mono
Mono path[0] = 'C:/Users/Equipo/Desktop/2020.3.3f1/Editor/Data/Managed'
Mono path[1] = 'C:/Users/Equipo/Desktop/2020.3.3f1/Editor/Data/MonoBleedingEdge/lib/mono/unityjit'
Mono config path = 'C:/Users/Equipo/Desktop/2020.3.3f1/Editor/Data/MonoBleedingEdge/etc'
Using monoOptions --debugger-agent=transport=dt_socket,embedding=1,server=y,suspend=n,address=127.0.0.1:56568
Begin MonoManager ReloadAssembly
Registering precompiled unity dll's ...
Register platform support module: C:/Users/Equipo/Desktop/2020.3.3f1/Editor/Data/PlaybackEngines/WindowsStandaloneSupport/UnityEditor.WindowsStandalone.Extensions.dll
Registered in 0.003047 seconds.
Native extension for WindowsStandalone target not found
Refreshing native plugins compatible for Editor in 37.71 ms, found 0 plugins.
Preloading 0 native plugins for Editor in 0.00 ms.
Invoked RoslynAnalysisRunner static constructor.
RoslynAnalysisRunner will not be running.
RoslynAnalysisRunner has terminated.
Mono: successfully reloaded assembly
- Completed reload, in  1.713 seconds
Platform modules already initialized, skipping
Registering precompiled user dll's ...
Registered in 0.001426 seconds.
Begin MonoManager ReloadAssembly
Native extension for WindowsStandalone target not found
Refreshing native plugins compatible for Editor in 0.70 ms, found 0 plugins.
Preloading 0 native plugins for Editor in 0.00 ms.
Invoked RoslynAnalysisRunner static constructor.
RoslynAnalysisRunner will not be running.
RoslynAnalysisRunner has terminated.
Mono: successfully reloaded assembly
- Completed reload, in  2.554 seconds
Platform modules already initialized, skipping
========================================================================
Worker process is ready to serve import requests
Launched and connected shader compiler UnityShaderCompiler.exe after 0.35 seconds
Refreshing native plugins compatible for Editor in 0.28 ms, found 0 plugins.
Preloading 0 native plugins for Editor in 0.00 ms.
Unloading 1119 Unused Serialized files (Serialized files now loaded: 0)
System memory in use before: 69.4 MB.
System memory in use after: 69.5 MB.

Unloading 9 unused Assets to reduce memory usage. Loaded Objects now: 1577.
Total: 77.493600 ms (FindLiveObjects: 0.300800 ms CreateObjectMapping: 0.044600 ms MarkObjects: 74.105500 ms  DeleteObjects: 3.039500 ms)

========================================================================
Received Import Request.
  path: Assets/Scripts/Torreta.cs
  artifactKey: Guid(b3365cf293efd7344b46e6d85060ddab) Importer(815301076,1909f56bfc062723c751e8b465ee728b)
Start importing Assets/Scripts/Torreta.cs using Guid(b3365cf293efd7344b46e6d85060ddab) Importer(815301076,1909f56bfc062723c751e8b465ee728b)  -> (artifact id: '2a543f10e883df43851fe6500f7aa702') in 0.496705 seconds
  Import took 0.541562 seconds .

========================================================================
Received Import Request.
  Time since last request: 532.971229 seconds.
  path: Assets/Scripts/Torreta.cs
  artifactKey: Guid(b3365cf293efd7344b46e6d85060ddab) Importer(815301076,1909f56bfc062723c751e8b465ee728b)
Start importing Assets/Scripts/Torreta.cs using Guid(b3365cf293efd7344b46e6d85060ddab) Importer(815301076,1909f56bfc062723c751e8b465ee728b)  -> (artifact id: '92f83a0b3a7dd4f2af7ee79b1ef046d0') in 0.237263 seconds
  Import took 0.454923 seconds .

========================================================================
Received Import Request.
  Time since last request: 4.645892 seconds.
  path: Assets/Scripts/Torreta.cs
  artifactKey: Guid(b3365cf293efd7344b46e6d85060ddab) Importer(815301076,1909f56bfc062723c751e8b465ee728b)
Start importing Assets/Scripts/Torreta.cs using Guid(b3365cf293efd7344b46e6d85060ddab) Importer(815301076,1909f56bfc062723c751e8b465ee728b)  -> (artifact id: '92f83a0b3a7dd4f2af7ee79b1ef046d0') in 0.018276 seconds
  Import took 0.116581 seconds .

========================================================================
Received Prepare
Registering precompiled user dll's ...
Registered in 0.001162 seconds.
Begin MonoManager ReloadAssembly
Native extension for WindowsStandalone target not found
Refreshing native plugins compatible for Editor in 0.34 ms, found 0 plugins.
Preloading 0 native plugins for Editor in 0.00 ms.
Invoked RoslynAnalysisRunner static constructor.
RoslynAnalysisRunner will not be running.
RoslynAnalysisRunner has terminated.
Mono: successfully reloaded assembly
- Completed reload, in  1.999 seconds
Platform modules already initialized, skipping
Refreshing native plugins compatible for Editor in 1.69 ms, found 0 plugins.
Preloading 0 native plugins for Editor in 0.00 ms.
Unloading 1113 Unused Serialized files (Serialized files now loaded: 0)
System memory in use before: 69.3 MB.
System memory in use after: 69.4 MB.

Unloading 4 unused Assets to reduce memory usage. Loaded Objects now: 1580.
Total: 213.025500 ms (FindLiveObjects: 1.279200 ms CreateObjectMapping: 0.380500 ms MarkObjects: 211.332900 ms  DeleteObjects: 0.029900 ms)

========================================================================
Received Prepare
Registering precompiled user dll's ...
Registered in 0.020770 seconds.
Begin MonoManager ReloadAssembly
Native extension for WindowsStandalone target not found
Refreshing native plugins compatible for Editor in 1.28 ms, found 0 plugins.
Preloading 0 native plugins for Editor in 0.00 ms.
Invoked RoslynAnalysisRunner static constructor.
RoslynAnalysisRunner will not be running.
RoslynAnalysisRunner has terminated.
Mono: successfully reloaded assembly
- Completed reload, in  3.355 seconds
Platform modules already initialized, skipping
Refreshing native plugins compatible for Editor in 0.54 ms, found 0 plugins.
Preloading 0 native plugins for Editor in 0.00 ms.
Unloading 1113 Unused Serialized files (Serialized files now loaded: 0)
System memory in use before: 69.3 MB.
System memory in use after: 69.4 MB.

Unloading 4 unused Assets to reduce memory usage. Loaded Objects now: 1583.
Total: 3.030500 ms (FindLiveObjects: 0.292700 ms CreateObjectMapping: 0.056500 ms MarkObjects: 2.654100 ms  DeleteObjects: 0.025200 ms)

========================================================================
Received Prepare
Registering precompiled user dll's ...
Registered in 0.001460 seconds.
Begin MonoManager ReloadAssembly
Native extension for WindowsStandalone target not found
Refreshing native plugins compatible for Editor in 1.08 ms, found 0 plugins.
Preloading 0 native plugins for Editor in 0.00 ms.
Invoked RoslynAnalysisRunner static constructor.
RoslynAnalysisRunner will not be running.
RoslynAnalysisRunner has terminated.
Mono: successfully reloaded assembly
- Completed reload, in  2.346 seconds
Platform modules already initialized, skipping
Refreshing native plugins compatible for Editor in 0.86 ms, found 0 plugins.
Preloading 0 native plugins for Editor in 0.00 ms.
Unloading 1113 Unused Serialized files (Serialized files now loaded: 0)
System memory in use before: 69.3 MB.
System memory in use after: 69.4 MB.

Unloading 4 unused Assets to reduce memory usage. Loaded Objects now: 1586.
Total: 13.625000 ms (FindLiveObjects: 7.076800 ms CreateObjectMapping: 0.246200 ms MarkObjects: 6.254000 ms  DeleteObjects: 0.043800 ms)

========================================================================
Received Import Request.
  Time since last request: 262.941141 seconds.
  path: Assets/Prefabs/Mounted Gun 3.prefab
  artifactKey: Guid(31a95fd1e9685a943b0e1faa1ebac7f5) Importer(815301076,1909f56bfc062723c751e8b465ee728b)
Start importing Assets/Prefabs/Mounted Gun 3.prefab using Guid(31a95fd1e9685a943b0e1faa1ebac7f5) Importer(815301076,1909f56bfc062723c751e8b465ee728b)  -> (artifact id: '71f3472447b546fe32de911c2aeccb5d') in 1.835608 seconds
  Import took 1.839972 seconds .

========================================================================
Received Prepare
Registering precompiled user dll's ...
Registered in 0.001956 seconds.
Begin MonoManager ReloadAssembly
Native extension for WindowsStandalone target not found
Refreshing native plugins compatible for Editor in 0.72 ms, found 0 plugins.
Preloading 0 native plugins for Editor in 0.00 ms.
Invoked RoslynAnalysisRunner static constructor.
RoslynAnalysisRunner will not be running.
RoslynAnalysisRunner has terminated.
Mono: successfully reloaded assembly
- Completed reload, in  1.727 seconds
Platform modules already initialized, skipping
Refreshing native plugins compatible for Editor in 0.39 ms, found 0 plugins.
Preloading 0 native plugins for Editor in 0.00 ms.
Unloading 1113 Unused Serialized files (Serialized files now loaded: 0)
System memory in use before: 72.4 MB.
System memory in use after: 72.5 MB.

Unloading 4 unused Assets to reduce memory usage. Loaded Objects now: 1596.
Total: 3.890300 ms (FindLiveObjects: 0.407100 ms CreateObjectMapping: 0.113500 ms MarkObjects: 3.340800 ms  DeleteObjects: 0.027400 ms)

========================================================================
Received Prepare
Registering precompiled user dll's ...
Registered in 0.000957 seconds.
Begin MonoManager ReloadAssembly
Native extension for WindowsStandalone target not found
Refreshing native plugins compatible for Editor in 0.99 ms, found 0 plugins.
Preloading 0 native plugins for Editor in 0.00 ms.
Invoked RoslynAnalysisRunner static constructor.
RoslynAnalysisRunner will not be running.
RoslynAnalysisRunner has terminated.
Mono: successfully reloaded assembly
- Completed reload, in  2.165 seconds
Platform modules already initialized, skipping
Refreshing native plugins compatible for Editor in 0.41 ms, found 0 plugins.
Preloading 0 native plugins for Editor in 0.00 ms.
Unloading 1113 Unused Serialized files (Serialized files now loaded: 0)
System memory in use before: 72.4 MB.
System memory in use after: 72.5 MB.

Unloading 4 unused Assets to reduce memory usage. Loaded Objects now: 1599.
Total: 2.360700 ms (FindLiveObjects: 0.223700 ms CreateObjectMapping: 0.035900 ms MarkObjects: 2.077500 ms  DeleteObjects: 0.021400 ms)

========================================================================
Received Import Request.
  Time since last request: 620.465421 seconds.
  path: Assets/Prefabs/Mounted Gun 3.prefab
  artifactKey: Guid(31a95fd1e9685a943b0e1faa1ebac7f5) Importer(815301076,1909f56bfc062723c751e8b465ee728b)
Start importing Assets/Prefabs/Mounted Gun 3.prefab using Guid(31a95fd1e9685a943b0e1faa1ebac7f5) Importer(815301076,1909f56bfc062723c751e8b465ee728b)  -> (artifact id: 'c30a8f004e45a567e0586529572ac8d0') in 0.502314 seconds
  Import took 0.551167 seconds .

========================================================================
Received Prepare
Registering precompiled user dll's ...
Registered in 0.001118 seconds.
Begin MonoManager ReloadAssembly
Native extension for WindowsStandalone target not found
Refreshing native plugins compatible for Editor in 0.84 ms, found 0 plugins.
Preloading 0 native plugins for Editor in 0.00 ms.
Invoked RoslynAnalysisRunner static constructor.
RoslynAnalysisRunner will not be running.
RoslynAnalysisRunner has terminated.
Mono: successfully reloaded assembly
- Completed reload, in  2.337 seconds
Platform modules already initialized, skipping
Refreshing native plugins compatible for Editor in 1.16 ms, found 0 plugins.
Preloading 0 native plugins for Editor in 0.00 ms.
Unloading 1113 Unused Serialized files (Serialized files now loaded: 0)
System memory in use before: 72.4 MB.
System memory in use after: 72.5 MB.

Unloading 4 unused Assets to reduce memory usage. Loaded Objects now: 1603.
Total: 12.791000 ms (FindLiveObjects: 2.464200 ms CreateObjectMapping: 0.825100 ms MarkObjects: 9.451500 ms  DeleteObjects: 0.045300 ms)

========================================================================
Received Prepare
Registering precompiled user dll's ...
Registered in 0.001169 seconds.
Begin MonoManager ReloadAssembly
Native extension for WindowsStandalone target not found
Refreshing native plugins compatible for Editor in 0.35 ms, found 0 plugins.
Preloading 0 native plugins for Editor in 0.00 ms.
Invoked RoslynAnalysisRunner static constructor.
RoslynAnalysisRunner will not be running.
RoslynAnalysisRunner has terminated.
Mono: successfully reloaded assembly
- Completed reload, in  1.456 seconds
Platform modules already initialized, skipping
Refreshing native plugins compatible for Editor in 0.43 ms, found 0 plugins.
Preloading 0 native plugins for Editor in 0.00 ms.
Unloading 1113 Unused Serialized files (Serialized files now loaded: 0)
System memory in use before: 72.5 MB.
System memory in use after: 72.6 MB.

Unloading 4 unused Assets to reduce memory usage. Loaded Objects now: 1606.
Total: 2.565600 ms (FindLiveObjects: 0.197900 ms CreateObjectMapping: 0.037000 ms MarkObjects: 2.310300 ms  DeleteObjects: 0.018800 ms)

========================================================================
Received Prepare
Registering precompiled user dll's ...
Registered in 0.029724 seconds.
Begin MonoManager ReloadAssembly
Native extension for WindowsStandalone target not found
Refreshing native plugins compatible for Editor in 0.59 ms, found 0 plugins.
Preloading 0 native plugins for Editor in 0.00 ms.
Invoked RoslynAnalysisRunner static constructor.
RoslynAnalysisRunner will not be running.
RoslynAnalysisRunner has terminated.
Mono: successfully reloaded assembly
- Completed reload, in  2.263 seconds
Platform modules already initialized, skipping
Refreshing native plugins compatible for Editor in 0.59 ms, found 0 plugins.
Preloading 0 native plugins for Editor in 0.00 ms.
Unloading 1113 Unused Serialized files (Serialized files now loaded: 0)
System memory in use before: 72.5 MB.
System memory in use after: 72.6 MB.

Unloading 4 unused Assets to reduce memory usage. Loaded Objects now: 1609.
Total: 2.533200 ms (FindLiveObjects: 0.368400 ms CreateObjectMapping: 0.097400 ms MarkObjects: 2.041100 ms  DeleteObjects: 0.022800 ms)

========================================================================
Received Import Request.
  Time since last request: 297.292237 seconds.
  path: Assets/Prefabs/snow_detail_tree.fbx
  artifactKey: Guid(2c03f7a1eb0b8104d963a34c93d1561b) Importer(815301076,1909f56bfc062723c751e8b465ee728b)
Start importing Assets/Prefabs/snow_detail_tree.fbx using Guid(2c03f7a1eb0b8104d963a34c93d1561b) Importer(815301076,1909f56bfc062723c751e8b465ee728b)  -> (artifact id: '5a013f43bef9e40b8e1eb9aae022b4e4') in 3.999916 seconds
  Import took 4.043939 seconds .

========================================================================
Received Import Request.
  Time since last request: 7.896123 seconds.
  path: Assets/Prefabs/snow_detail_tree.fbx
  artifactKey: Guid(2c03f7a1eb0b8104d963a34c93d1561b) Importer(815301076,1909f56bfc062723c751e8b465ee728b)
Start importing Assets/Prefabs/snow_detail_tree.fbx using Guid(2c03f7a1eb0b8104d963a34c93d1561b) Importer(815301076,1909f56bfc062723c751e8b465ee728b)  -> (artifact id: '96c51a01034af3137980150f7624f5c4') in 0.172138 seconds
  Import took 0.204193 seconds .

========================================================================
Received Import Request.
  Time since last request: 8.047483 seconds.
  path: Assets/Prefabs/snow_detail_tree.fbx
  artifactKey: Guid(2c03f7a1eb0b8104d963a34c93d1561b) Importer(815301076,1909f56bfc062723c751e8b465ee728b)
Start importing Assets/Prefabs/snow_detail_tree.fbx using Guid(2c03f7a1eb0b8104d963a34c93d1561b) Importer(815301076,1909f56bfc062723c751e8b465ee728b)  -> (artifact id: '2c15eb410aa4989f3c90f56e38bf7881') in 0.101279 seconds
  Import took 0.132924 seconds .

========================================================================
Received Import Request.
  Time since last request: 92.935040 seconds.
  path: Assets/Prefabs/Balarbol Variant.prefab
  artifactKey: Guid(1b27434e2ad54c746bc655835cef288e) Importer(815301076,1909f56bfc062723c751e8b465ee728b)
Start importing Assets/Prefabs/Balarbol Variant.prefab using Guid(1b27434e2ad54c746bc655835cef288e) Importer(815301076,1909f56bfc062723c751e8b465ee728b)  -> (artifact id: '2941466b1ca63b30a8f018f6bda3bbb5') in 0.121409 seconds
  Import took 0.151120 seconds .

========================================================================
Received Prepare
Registering precompiled user dll's ...
Registered in 0.001746 seconds.
Begin MonoManager ReloadAssembly
Native extension for WindowsStandalone target not found
Refreshing native plugins compatible for Editor in 0.58 ms, found 0 plugins.
Preloading 0 native plugins for Editor in 0.00 ms.
Invoked RoslynAnalysisRunner static constructor.
RoslynAnalysisRunner will not be running.
RoslynAnalysisRunner has terminated.
Mono: successfully reloaded assembly
- Completed reload, in  1.780 seconds
Platform modules already initialized, skipping
Refreshing native plugins compatible for Editor in 0.37 ms, found 0 plugins.
Preloading 0 native plugins for Editor in 0.00 ms.
Unloading 1113 Unused Serialized files (Serialized files now loaded: 0)
System memory in use before: 72.8 MB.
System memory in use after: 72.9 MB.

Unloading 4 unused Assets to reduce memory usage. Loaded Objects now: 1649.
Total: 4.385300 ms (FindLiveObjects: 1.025300 ms CreateObjectMapping: 0.224100 ms MarkObjects: 3.112900 ms  DeleteObjects: 0.020000 ms)

========================================================================
Received Import Request.
  Time since last request: 89.105105 seconds.
  path: Assets/Prefabs/Mounted Gun 3.prefab
  artifactKey: Guid(31a95fd1e9685a943b0e1faa1ebac7f5) Importer(815301076,1909f56bfc062723c751e8b465ee728b)
Start importing Assets/Prefabs/Mounted Gun 3.prefab using Guid(31a95fd1e9685a943b0e1faa1ebac7f5) Importer(815301076,1909f56bfc062723c751e8b465ee728b)  -> (artifact id: 'b7e9684abae9299acde4193a74973a1f') in 0.225090 seconds
  Import took 0.259066 seconds .

========================================================================
Received Prepare
Registering precompiled user dll's ...
Registered in 0.002371 seconds.
Begin MonoManager ReloadAssembly
Native extension for WindowsStandalone target not found
Refreshing native plugins compatible for Editor in 0.39 ms, found 0 plugins.
Preloading 0 native plugins for Editor in 0.00 ms.
Invoked RoslynAnalysisRunner static constructor.
RoslynAnalysisRunner will not be running.
RoslynAnalysisRunner has terminated.
Mono: successfully reloaded assembly
- Completed reload, in  1.547 seconds
Platform modules already initialized, skipping
Refreshing native plugins compatible for Editor in 0.26 ms, found 0 plugins.
Preloading 0 native plugins for Editor in 0.00 ms.
Unloading 1113 Unused Serialized files (Serialized files now loaded: 0)
System memory in use before: 72.9 MB.
System memory in use after: 73.0 MB.

Unloading 4 unused Assets to reduce memory usage. Loaded Objects now: 1653.
Total: 3.887200 ms (FindLiveObjects: 0.261600 ms CreateObjectMapping: 0.044300 ms MarkObjects: 3.521500 ms  DeleteObjects: 0.055500 ms)

========================================================================
Received Prepare
Registering precompiled user dll's ...
Registered in 0.001204 seconds.
Begin MonoManager ReloadAssembly
Native extension for WindowsStandalone target not found
Refreshing native plugins compatible for Editor in 0.27 ms, found 0 plugins.
Preloading 0 native plugins for Editor in 0.00 ms.
Invoked RoslynAnalysisRunner static constructor.
RoslynAnalysisRunner will not be running.
RoslynAnalysisRunner has terminated.
Mono: successfully reloaded assembly
- Completed reload, in  1.427 seconds
Platform modules already initialized, skipping
Refreshing native plugins compatible for Editor in 0.27 ms, found 0 plugins.
Preloading 0 native plugins for Editor in 0.00 ms.
Unloading 1113 Unused Serialized files (Serialized files now loaded: 0)
System memory in use before: 72.9 MB.
System memory in use after: 73.0 MB.

Unloading 4 unused Assets to reduce memory usage. Loaded Objects now: 1656.
Total: 3.167100 ms (FindLiveObjects: 0.740200 ms CreateObjectMapping: 0.122800 ms MarkObjects: 2.244300 ms  DeleteObjects: 0.056700 ms)

AssetImportWorkerClient::OnTransportError - code=2 error=End of file
