Using pre-set license
Built from '2020.3/staging' branch; Version is '2020.3.3f1 (76626098c1c4) revision 7758432'; Using compiler version '192528614'; Build Type 'Release'
OS: 'Windows 10 Pro; OS build 19043.1348; Version 2009; 64bit' Language: 'es' Physical Memory: 16347 MB
BatchMode: 1, IsHumanControllingUs: 0, StartBugReporterOnCrash: 0, Is64bit: 1, IsPro: 0

 COMMAND LINE ARGUMENTS:
C:\Program Files\Unity\Hub\Editor\2020.3.3f1\Editor\Unity.exe
-adb2
-batchMode
-noUpm
-name
AssetImportWorker0
-projectPath
D:/Documents/Git/TP_MOTORES-R-R-S/Trabajo Practico Motores
-logFile
Logs/AssetImportWorker0.log
-srvPort
49282
Successfully changed project path to: D:/Documents/Git/TP_MOTORES-R-R-S/Trabajo Practico Motores
D:/Documents/Git/TP_MOTORES-R-R-S/Trabajo Practico Motores
Using Asset Import Pipeline V2.
Refreshing native plugins compatible for Editor in 32.23 ms, found 0 plugins.
Preloading 0 native plugins for Editor in 0.00 ms.
Initialize engine version: 2020.3.3f1 (76626098c1c4)
[Subsystems] Discovering subsystems at path C:/Program Files/Unity/Hub/Editor/2020.3.3f1/Editor/Data/Resources/UnitySubsystems
[Subsystems] Discovering subsystems at path D:/Documents/Git/TP_MOTORES-R-R-S/Trabajo Practico Motores/Assets
GfxDevice: creating device client; threaded=0
Direct3D:
    Version:  Direct3D 11.0 [level 11.1]
    Renderer: Radeon RX 590 Series (ID=0x67df)
    Vendor:   
    VRAM:     8171 MB
    Driver:   30.0.13033.1000
Initialize mono
Mono path[0] = 'C:/Program Files/Unity/Hub/Editor/2020.3.3f1/Editor/Data/Managed'
Mono path[1] = 'C:/Program Files/Unity/Hub/Editor/2020.3.3f1/Editor/Data/MonoBleedingEdge/lib/mono/unityjit'
Mono config path = 'C:/Program Files/Unity/Hub/Editor/2020.3.3f1/Editor/Data/MonoBleedingEdge/etc'
Using monoOptions --debugger-agent=transport=dt_socket,embedding=1,server=y,suspend=n,address=127.0.0.1:56700
Begin MonoManager ReloadAssembly
Registering precompiled unity dll's ...
Register platform support module: C:/Program Files/Unity/Hub/Editor/2020.3.3f1/Editor/Data/PlaybackEngines/WindowsStandaloneSupport/UnityEditor.WindowsStandalone.Extensions.dll
Registered in 0.002668 seconds.
Native extension for WindowsStandalone target not found
Refreshing native plugins compatible for Editor in 31.83 ms, found 0 plugins.
Preloading 0 native plugins for Editor in 0.00 ms.
Invoked RoslynAnalysisRunner static constructor.
RoslynAnalysisRunner will not be running.
RoslynAnalysisRunner has terminated.
Mono: successfully reloaded assembly
- Completed reload, in  1.362 seconds
Platform modules already initialized, skipping
Registering precompiled user dll's ...
Registered in 0.000600 seconds.
Begin MonoManager ReloadAssembly
Native extension for WindowsStandalone target not found
Refreshing native plugins compatible for Editor in 0.25 ms, found 0 plugins.
Preloading 0 native plugins for Editor in 0.00 ms.
Invoked RoslynAnalysisRunner static constructor.
RoslynAnalysisRunner will not be running.
RoslynAnalysisRunner has terminated.
Mono: successfully reloaded assembly
- Completed reload, in  0.983 seconds
Platform modules already initialized, skipping
========================================================================
Worker process is ready to serve import requests
Launched and connected shader compiler UnityShaderCompiler.exe after 0.05 seconds
Refreshing native plugins compatible for Editor in 0.25 ms, found 0 plugins.
Preloading 0 native plugins for Editor in 0.00 ms.
Unloading 1125 Unused Serialized files (Serialized files now loaded: 0)
System memory in use before: 69.7 MB.
System memory in use after: 69.8 MB.

Unloading 10 unused Assets to reduce memory usage. Loaded Objects now: 1585.
Total: 1.715300 ms (FindLiveObjects: 0.143900 ms CreateObjectMapping: 0.107100 ms MarkObjects: 1.349100 ms  DeleteObjects: 0.114200 ms)

========================================================================
Received Import Request.
  path: Assets/PrefabsFinales/enemigoFuerte.prefab
  artifactKey: Guid(aa583d6d99b9d6a45a3519b0f8aab85d) Importer(815301076,1909f56bfc062723c751e8b465ee728b)
Start importing Assets/PrefabsFinales/enemigoFuerte.prefab using Guid(aa583d6d99b9d6a45a3519b0f8aab85d) Importer(815301076,1909f56bfc062723c751e8b465ee728b)  -> (artifact id: 'd44219a2446baef39cb8605439157dc0') in 0.130912 seconds
  Import took 0.133141 seconds .

========================================================================
Received Import Request.
  Time since last request: 0.095617 seconds.
  path: Assets/PrefabsFinales/enemigoFuerte.prefab
  artifactKey: Guid(aa583d6d99b9d6a45a3519b0f8aab85d) Importer(815301076,1909f56bfc062723c751e8b465ee728b)
Start importing Assets/PrefabsFinales/enemigoFuerte.prefab using Guid(aa583d6d99b9d6a45a3519b0f8aab85d) Importer(815301076,1909f56bfc062723c751e8b465ee728b)  -> (artifact id: 'd44219a2446baef39cb8605439157dc0') in 0.012172 seconds
  Import took 0.014457 seconds .

========================================================================
Received Prepare
Registering precompiled user dll's ...
Registered in 0.001212 seconds.
Begin MonoManager ReloadAssembly
Native extension for WindowsStandalone target not found
Refreshing native plugins compatible for Editor in 0.25 ms, found 0 plugins.
Preloading 0 native plugins for Editor in 0.00 ms.
Invoked RoslynAnalysisRunner static constructor.
RoslynAnalysisRunner will not be running.
RoslynAnalysisRunner has terminated.
Mono: successfully reloaded assembly
- Completed reload, in  0.995 seconds
Platform modules already initialized, skipping
Refreshing native plugins compatible for Editor in 0.28 ms, found 0 plugins.
Preloading 0 native plugins for Editor in 0.00 ms.
Unloading 1120 Unused Serialized files (Serialized files now loaded: 0)
System memory in use before: 72.8 MB.
System memory in use after: 72.9 MB.

Unloading 5 unused Assets to reduce memory usage. Loaded Objects now: 1595.
Total: 4.152000 ms (FindLiveObjects: 0.202000 ms CreateObjectMapping: 0.179400 ms MarkObjects: 3.690700 ms  DeleteObjects: 0.078000 ms)

========================================================================
Received Import Request.
  Time since last request: 50.035805 seconds.
  path: Assets/PrefabsFinales/enemigoFuerte.prefab
  artifactKey: Guid(aa583d6d99b9d6a45a3519b0f8aab85d) Importer(815301076,1909f56bfc062723c751e8b465ee728b)
Start importing Assets/PrefabsFinales/enemigoFuerte.prefab using Guid(aa583d6d99b9d6a45a3519b0f8aab85d) Importer(815301076,1909f56bfc062723c751e8b465ee728b)  -> (artifact id: '507e60ede1ed4a40b8f4e05fbecb2f45') in 0.090307 seconds
  Import took 0.093044 seconds .

========================================================================
Received Prepare
Registering precompiled user dll's ...
Registered in 0.000661 seconds.
Begin MonoManager ReloadAssembly
Native extension for WindowsStandalone target not found
Refreshing native plugins compatible for Editor in 0.22 ms, found 0 plugins.
Preloading 0 native plugins for Editor in 0.00 ms.
Invoked RoslynAnalysisRunner static constructor.
RoslynAnalysisRunner will not be running.
RoslynAnalysisRunner has terminated.
Mono: successfully reloaded assembly
- Completed reload, in  0.963 seconds
Platform modules already initialized, skipping
Refreshing native plugins compatible for Editor in 0.21 ms, found 0 plugins.
Preloading 0 native plugins for Editor in 0.00 ms.
Unloading 1120 Unused Serialized files (Serialized files now loaded: 0)
System memory in use before: 72.8 MB.
System memory in use after: 72.9 MB.

Unloading 5 unused Assets to reduce memory usage. Loaded Objects now: 1599.
Total: 1.676400 ms (FindLiveObjects: 0.156600 ms CreateObjectMapping: 0.038100 ms MarkObjects: 1.366900 ms  DeleteObjects: 0.113900 ms)

========================================================================
Received Import Request.
  Time since last request: 159.590240 seconds.
  path: Assets/Scripts/Torreta.cs
  artifactKey: Guid(b3365cf293efd7344b46e6d85060ddab) Importer(815301076,1909f56bfc062723c751e8b465ee728b)
Start importing Assets/Scripts/Torreta.cs using Guid(b3365cf293efd7344b46e6d85060ddab) Importer(815301076,1909f56bfc062723c751e8b465ee728b)  -> (artifact id: '2ce5ddeba3d18d04777d29fe84b7ca9a') in 0.011787 seconds
  Import took 0.033846 seconds .

========================================================================
Received Import Request.
  Time since last request: 0.001893 seconds.
  path: Assets/Scripts/Torreta.cs
  artifactKey: Guid(b3365cf293efd7344b46e6d85060ddab) Importer(815301076,1909f56bfc062723c751e8b465ee728b)
Start importing Assets/Scripts/Torreta.cs using Guid(b3365cf293efd7344b46e6d85060ddab) Importer(815301076,1909f56bfc062723c751e8b465ee728b)  -> (artifact id: '2ce5ddeba3d18d04777d29fe84b7ca9a') in 0.001826 seconds
  Import took 0.004514 seconds .

========================================================================
Received Import Request.
  Time since last request: 107.761067 seconds.
  path: Assets/PrefabsFinales/enemigoDebil.prefab
  artifactKey: Guid(89032a9a3463d9e4fa469cb632cf9d6c) Importer(815301076,1909f56bfc062723c751e8b465ee728b)
Start importing Assets/PrefabsFinales/enemigoDebil.prefab using Guid(89032a9a3463d9e4fa469cb632cf9d6c) Importer(815301076,1909f56bfc062723c751e8b465ee728b)  -> (artifact id: '0cd1b4d0d42a5c9b626f7e875b90cd2e') in 0.099178 seconds
  Import took 0.113982 seconds .

========================================================================
Received Import Request.
  Time since last request: 4.776012 seconds.
  path: Assets/PrefabsFinales/enemigoMedio.prefab
  artifactKey: Guid(2d5fa4e1a8b8b8c47997ef013778e59d) Importer(815301076,1909f56bfc062723c751e8b465ee728b)
Start importing Assets/PrefabsFinales/enemigoMedio.prefab using Guid(2d5fa4e1a8b8b8c47997ef013778e59d) Importer(815301076,1909f56bfc062723c751e8b465ee728b)  -> (artifact id: 'ea90bda52cf4de6c40dc8e126f053574') in 0.022459 seconds
  Import took 0.036743 seconds .

========================================================================
Received Prepare
Registering precompiled user dll's ...
Registered in 0.000567 seconds.
Begin MonoManager ReloadAssembly
Native extension for WindowsStandalone target not found
Refreshing native plugins compatible for Editor in 0.32 ms, found 0 plugins.
Preloading 0 native plugins for Editor in 0.00 ms.
Invoked RoslynAnalysisRunner static constructor.
RoslynAnalysisRunner will not be running.
RoslynAnalysisRunner has terminated.
Mono: successfully reloaded assembly
- Completed reload, in  1.127 seconds
Platform modules already initialized, skipping
Refreshing native plugins compatible for Editor in 0.45 ms, found 0 plugins.
Preloading 0 native plugins for Editor in 0.00 ms.
Unloading 1120 Unused Serialized files (Serialized files now loaded: 0)
System memory in use before: 72.9 MB.
System memory in use after: 72.9 MB.

Unloading 5 unused Assets to reduce memory usage. Loaded Objects now: 1603.
Total: 1.618000 ms (FindLiveObjects: 0.143300 ms CreateObjectMapping: 0.041700 ms MarkObjects: 1.349400 ms  DeleteObjects: 0.082500 ms)

AssetImportWorkerClient::OnTransportError - code=2 error=End of file
